
> cafeteria-dashboard@0.1.0 build
> next build

⚠ Warning: Next.js inferred your workspace root, but it may not be correct.
 We detected multiple lockfiles and selected the directory of C:\Users\jaras\package-lock.json as the root directory.
 To silence this warning, set `turbopack.root` in your Next.js config, or consider removing one of the lockfiles if it's not needed.
   See https://nextjs.org/docs/app/api-reference/config/next-config-js/turbopack#root-directory for more information.
 Detected additional lockfiles: 
   * C:\Users\jaras\patitas-s3\front-s3\json\web\proyecto5-a\API-4PM\Evaluación Práctica C1. NextJS + BDA\cafeteria-dashboard\package-lock.json
   * C:\Users\jaras\patitas-s3\front-s3\json\web\proyecto5-a\API-4PM\package-lock.json

▲ Next.js 16.1.6 (Turbopack)
- Environments: .env

  Creating an optimized production build ...
✓ Compiled successfully in 7.7s
  Running TypeScript ...
Failed to compile.

./lib/services.ts:2:17
Type error: Cannot find module './db' or its corresponding type declarations.

[0m [90m 1 |[39m
[31m[1m>[22m[39m[90m 2 |[39m [36mimport[39m sql [36mfrom[39m [32m'./db'[39m[33m;[39m
 [90m   |[39m                 [31m[1m^[22m[39m
 [90m 3 |[39m
 [90m 4 |[39m [36mexport[39m [36mconst[39m [33mSalesService[39m [33m=[39m {
 [90m 5 |[39m     [36masync[39m getDailySales([36mfrom[39m[33m?[39m[33m:[39m string[33m,[39m to[33m?[39m[33m:[39m string) {[0m
Next.js build worker exited with code: 1 and signal: null
